<?xml version="1.0" encoding="UTF-8"?>
<testng-results ignored="0" total="2" passed="2" failed="0" skipped="0">
  <reporter-output>
  </reporter-output>
  <suite started-at="2021-07-29T18:13:10 IST" name="Default suite" finished-at="2021-07-29T18:13:10 IST" duration-ms="97">
    <groups>
    </groups>
    <test started-at="2021-07-29T18:13:10 IST" name="Default test" finished-at="2021-07-29T18:13:10 IST" duration-ms="97">
      <class name="qaclickacademy.SeleniumTest">
        <test-method signature="browserAutomation()[pri:0, instance:qaclickacademy.SeleniumTest@4d02f94e]" started-at="2021-07-29T18:13:10 IST" name="browserAutomation" finished-at="2021-07-29T18:13:10 IST" duration-ms="14" status="PASS">
          <reporter-output>
          </reporter-output>
        </test-method> <!-- browserAutomation -->
        <test-method signature="elementsUi()[pri:0, instance:qaclickacademy.SeleniumTest@4d02f94e]" started-at="2021-07-29T18:13:10 IST" name="elementsUi" finished-at="2021-07-29T18:13:10 IST" duration-ms="1" status="PASS">
          <reporter-output>
          </reporter-output>
        </test-method> <!-- elementsUi -->
      </class> <!-- qaclickacademy.SeleniumTest -->
    </test> <!-- Default test -->
  </suite> <!-- Default suite -->
</testng-results>
